<?xml version="1.0" encoding="UTF-8"?>
<!DOCTYPE properties SYSTEM "http://java.sun.com/dtd/properties.dtd">
<properties version="1.0">
    <comment>Sample test run arguments (ets-cat20-dgiwg)</comment>
    <entry key="iut">http://localhost:8080/cat</entry>
</properties>
